<?xml version="1.0" encoding="UTF-8"?>
<testng-results ignored="0" total="1" passed="1" failed="0" skipped="0">
  <reporter-output>
  </reporter-output>
  <suite started-at="2021-07-28T16:58:49Z" name="Default suite" finished-at="2021-07-28T16:58:54Z" duration-ms="4548">
    <groups>
    </groups>
    <test started-at="2021-07-28T16:58:49Z" name="Default test" finished-at="2021-07-28T16:58:54Z" duration-ms="4548">
      <class name="TestPackage.TestClass">
        <test-method signature="TestClass()[pri:0, instance:TestPackage.TestClass@687e99d8]" started-at="2021-07-28T16:58:49Z" name="TestClass" finished-at="2021-07-28T16:58:54Z" duration-ms="4521" status="PASS">
          <reporter-output>
          </reporter-output>
        </test-method> <!-- TestClass -->
      </class> <!-- TestPackage.TestClass -->
    </test> <!-- Default test -->
  </suite> <!-- Default suite -->
</testng-results>
